<?xml version="1.0" encoding="UTF-8"?>
<!-- Generated by org.testng.reporters.JUnitXMLReporter -->
<testsuite hostname="CDC2-D-CMLVXJ2" ignored="0" name="Default test" tests="4" failures="0" timestamp="2019-09-24T13:58:59 IST" time="49.356" errors="0">
  <testcase name="passTest" time="33.151" classname="testmeapp.Report"/>
  <testcase name="passTest2" time="2.309" classname="testmeapp.Report"/>
  <testcase name="passTest3" time="6.581" classname="testmeapp.Report"/>
  <testcase name="passTest4" time="4.78" classname="testmeapp.Report"/>
</testsuite> <!-- Default test -->
